#
# There is insufficient memory for the Java Runtime Environment to continue.
# Native memory allocation (mmap) failed to map 132120576 bytes for Failed to commit area from 0x0000000083200000 to 0x000000008b000000 of length 132120576.
# Possible reasons:
#   The system is out of physical RAM or swap space
#   The process is running with CompressedOops enabled, and the Java Heap may be blocking the growth of the native heap
# Possible solutions:
#   Reduce memory load on the system
#   Increase physical memory or swap space
#   Check if swap backing store is full
#   Decrease Java heap size (-Xmx/-Xms)
#   Decrease number of Java threads
#   Decrease Java thread stack sizes (-Xss)
#   Set larger code cache with -XX:ReservedCodeCacheSize=
# This output file may be truncated or incomplete.
#
#  Out of Memory Error (./src/hotspot/os/windows/os_windows.cpp:3301), pid=54428, tid=70332
#
# JRE version:  (11.0.10) (build )
# Java VM: OpenJDK 64-Bit Server VM (11.0.10+0-b96-7249189, mixed mode, sharing, tiered, compressed oops, g1 gc, windows-amd64)
# No core dump will be written. Minidumps are not enabled by default on client versions of Windows
#

---------------  S U M M A R Y ------------

Command Line: org.jetbrains.kotlin.cli.jvm.K2JVMCompiler @C:\Users\gavri\AndroidStudioProjects\GitApp3\app\build\20220721_10420424534846305805.compiler.options

Host: Intel(R) Core(TM) i5-10300H CPU @ 2.50GHz, 8 cores, 7G,  Windows 10 , 64 bit Build 22000 (10.0.22000.708)
Time: Thu Jul 21 12:19:25 2022 RTZ 2 (зима) elapsed time: 0.014195 seconds (0d 0h 0m 0s)

---------------  T H R E A D  ---------------

Current thread (0x0000020d7cfcc000):  JavaThread "Unknown thread" [_thread_in_vm, id=70332, stack(0x000000d81fa00000,0x000000d81fb00000)]

Stack: [0x000000d81fa00000,0x000000d81fb00000]
Native frames: (J=compiled Java code, j=interpreted, Vv=VM code, C=native code)
V  [jvm.dll+0x5ecfaa]
V  [jvm.dll+0x722bd5]
V  [jvm.dll+0x72412d]
V  [jvm.dll+0x7247e3]
V  [jvm.dll+0x242928]
V  [jvm.dll+0x5ea374]
V  [jvm.dll+0x5df425]
V  [jvm.dll+0x2fdebb]
V  [jvm.dll+0x2fde2a]
V  [jvm.dll+0x2fdd02]
V  [jvm.dll+0x302bf6]
V  [jvm.dll+0x34b2a3]
V  [jvm.dll+0x34b9a6]
V  [jvm.dll+0x34b3a3]
V  [jvm.dll+0x2d8888]
V  [jvm.dll+0x2d9a37]
V  [jvm.dll+0x701737]
V  [jvm.dll+0x702f2c]
V  [jvm.dll+0x3587d9]
V  [jvm.dll+0x6e4fae]
V  [jvm.dll+0x3c0be3]
V  [jvm.dll+0x3c2e91]
C  [jli.dll+0x5373]
C  [ucrtbase.dll+0x26c0c]
C  [KERNEL32.DLL+0x154e0]
C  [ntdll.dll+0x485b]


---------------  P R O C E S S  ---------------

Threads class SMR info:
_java_thread_list=0x0000020d7b5e21e0, length=0, elements={
}

Java Threads: ( => current thread )

Other Threads:
  0x0000020d7cfe4000 GCTaskThread "GC Thread#0" [stack: 0x000000d81fb00000,0x000000d81fc00000] [id=74224]
  0x0000020d7d013000 ConcurrentGCThread "G1 Main Marker" [stack: 0x000000d81fc00000,0x000000d81fd00000] [id=30528]
  0x0000020d7d015800 ConcurrentGCThread "G1 Conc#0" [stack: 0x000000d81fd00000,0x000000d81fe00000] [id=69556]

[error occurred during error reporting (printing all threads), id 0xc0000005, EXCEPTION_ACCESS_VIOLATION (0xc0000005) at pc=0x00007fffc9bb9107]

VM state:not at safepoint (not fully initialized)

VM Mutex/Monitor currently owned by a thread:  ([mutex/lock_event])
[0x0000020d7cfc9bc0] Heap_lock - owner thread: 0x0000020d7cfcc000

Heap address: 0x0000000083200000, size: 1998 MB, Compressed Oops mode: Non-zero based: 0x0000000083200000
Narrow klass base: 0x0000000000000000, Narrow klass shift: 0

GC Heap History (0 events):
No events

Deoptimization events (0 events):
No events

Classes redefined (0 events):
No events

Internal exceptions (0 events):
No events

Events (1 events):
Event: 0.008 Loaded shared library C:\Program Files\Android\Android Studio\jre\bin\zip.dll


Dynamic libraries:
0x00007ff684960000 - 0x00007ff68496a000 	C:\Program Files\Android\Android Studio\jre\bin\java.exe
0x00007ff823ae0000 - 0x00007ff823ce9000 	C:\WINDOWS\SYSTEM32\ntdll.dll
0x00007ff823660000 - 0x00007ff82371d000 	C:\WINDOWS\System32\KERNEL32.DLL
0x00007ff8212f0000 - 0x00007ff821669000 	C:\WINDOWS\System32\KERNELBASE.dll
0x00007ff821130000 - 0x00007ff821241000 	C:\WINDOWS\System32\ucrtbase.dll
0x00007ffffa560000 - 0x00007ffffa579000 	C:\Program Files\Android\Android Studio\jre\bin\jli.dll
0x00007ff800040000 - 0x00007ff800057000 	C:\Program Files\Android\Android Studio\jre\bin\VCRUNTIME140.dll
0x00007ff822bd0000 - 0x00007ff822d7c000 	C:\WINDOWS\System32\USER32.dll
0x00007ff8212c0000 - 0x00007ff8212e6000 	C:\WINDOWS\System32\win32u.dll
0x00007ff8057f0000 - 0x00007ff805a95000 	C:\WINDOWS\WinSxS\amd64_microsoft.windows.common-controls_6595b64144ccf1df_6.0.22000.120_none_9d947278b86cc467\COMCTL32.dll
0x00007ff822af0000 - 0x00007ff822b19000 	C:\WINDOWS\System32\GDI32.dll
0x00007ff823000000 - 0x00007ff8230a3000 	C:\WINDOWS\System32\msvcrt.dll
0x00007ff821670000 - 0x00007ff821782000 	C:\WINDOWS\System32\gdi32full.dll
0x00007ff821810000 - 0x00007ff8218ad000 	C:\WINDOWS\System32\msvcp_win.dll
0x00007ff822a90000 - 0x00007ff822ac1000 	C:\WINDOWS\System32\IMM32.DLL
0x00007fffee4b0000 - 0x00007fffee54d000 	C:\Program Files\Android\Android Studio\jre\bin\msvcp140.dll
0x00007fffc98d0000 - 0x00007fffca39f000 	C:\Program Files\Android\Android Studio\jre\bin\server\jvm.dll
0x00007ff823780000 - 0x00007ff82382e000 	C:\WINDOWS\System32\ADVAPI32.dll
0x00007ff823830000 - 0x00007ff8238ce000 	C:\WINDOWS\System32\sechost.dll
0x00007ff821bc0000 - 0x00007ff821ce0000 	C:\WINDOWS\System32\RPCRT4.dll
0x00007ff8224b0000 - 0x00007ff8224b8000 	C:\WINDOWS\System32\PSAPI.DLL
0x00007ff80c3a0000 - 0x00007ff80c3a9000 	C:\WINDOWS\SYSTEM32\WSOCK32.dll
0x00007ff816400000 - 0x00007ff816433000 	C:\WINDOWS\SYSTEM32\WINMM.dll
0x00007ff813dc0000 - 0x00007ff813dca000 	C:\WINDOWS\SYSTEM32\VERSION.dll
0x00007ff8235f0000 - 0x00007ff82365f000 	C:\WINDOWS\System32\WS2_32.dll
0x00007ff8201b0000 - 0x00007ff8201c8000 	C:\WINDOWS\SYSTEM32\kernel.appcore.dll
0x00007ff809ad0000 - 0x00007ff809ae1000 	C:\Program Files\Android\Android Studio\jre\bin\verify.dll
0x00007ff81eb20000 - 0x00007ff81ed41000 	C:\WINDOWS\SYSTEM32\DBGHELP.DLL
0x00007ff80f2b0000 - 0x00007ff80f2e1000 	C:\WINDOWS\SYSTEM32\dbgcore.DLL
0x00007ff821790000 - 0x00007ff82180f000 	C:\WINDOWS\System32\bcryptPrimitives.dll
0x00007ffffb2b0000 - 0x00007ffffb2d9000 	C:\Program Files\Android\Android Studio\jre\bin\java.dll
0x00007ff80c180000 - 0x00007ff80c18b000 	C:\Program Files\Android\Android Studio\jre\bin\jimage.dll
0x00007ff809ab0000 - 0x00007ff809ac8000 	C:\Program Files\Android\Android Studio\jre\bin\zip.dll

dbghelp: loaded successfully - version: 4.0.5 - missing functions: none
symbol engine: initialized successfully - sym options: 0x614 - pdb path: .;C:\Program Files\Android\Android Studio\jre\bin;C:\WINDOWS\SYSTEM32;C:\WINDOWS\WinSxS\amd64_microsoft.windows.common-controls_6595b64144ccf1df_6.0.22000.120_none_9d947278b86cc467;C:\Program Files\Android\Android Studio\jre\bin\server

VM Arguments:
java_command: org.jetbrains.kotlin.cli.jvm.K2JVMCompiler @C:\Users\gavri\AndroidStudioProjects\GitApp3\app\build\20220721_10420424534846305805.compiler.options
java_class_path (initial): C:\Users\gavri\.gradle\caches\modules-2\files-2.1\org.jetbrains.kotlin\kotlin-compiler-embeddable\1.5.20\1900e8b9aca0a9caffd45b99b36e3720a0a284f8\kotlin-compiler-embeddable-1.5.20.jar;C:\Users\gavri\.gradle\caches\modules-2\files-2.1\org.jetbrains.kotlin\kotlin-reflect\1.5.20\63810951f09a27f7827977f1bc21094042a915e\kotlin-reflect-1.5.20.jar;C:\Users\gavri\.gradle\caches\modules-2\files-2.1\org.jetbrains.kotlin\kotlin-stdlib\1.5.20\9de35cc611bcecec8edce1d56d8e659953806751\kotlin-stdlib-1.5.20.jar;C:\Users\gavri\.gradle\caches\modules-2\files-2.1\org.jetbrains.kotlin\kotlin-script-runtime\1.5.20\4381bb58d37b84d4d1afe55ec35542dd9b77e101\kotlin-script-runtime-1.5.20.jar;C:\Users\gavri\.gradle\caches\modules-2\files-2.1\org.jetbrains.kotlin\kotlin-daemon-embeddable\1.5.20\36c38cda019834dcd2959cc33a12768adcd94256\kotlin-daemon-embeddable-1.5.20.jar;C:\Users\gavri\.gradle\caches\modules-2\files-2.1\org.jetbrains.intellij.deps\trove4j\1.0.20181211\216c2e14b070f334479d800987affe4054cd563f\trove4j-1.0.20181211.jar;C:\Users\gavri\.gradle\caches\modules-2\files-2.1\org.jetbrains\annotations\13.0\919f0dfe192fb4e063e7dacadee7f8bb9a2672a9\annotations-13.0.jar;C:\Users\gavri\.gradle\caches\modules-2\files-2.1\org.jetbrains.kotlin\kotlin-stdlib-common\1.5.20\3d79dbd48bf605f4aac1e7028981a1953e245cbb\kotlin-stdlib-common-1.5.20.jar
Launcher Type: SUN_STANDARD

[Global flags]
     intx CICompilerCount                          = 4                                         {product} {ergonomic}
     uint ConcGCThreads                            = 2                                         {product} {ergonomic}
     uint G1ConcRefinementThreads                  = 8                                         {product} {ergonomic}
   size_t G1HeapRegionSize                         = 1048576                                   {product} {ergonomic}
    uintx GCDrainStackTargetSize                   = 64                                        {product} {ergonomic}
   size_t InitialHeapSize                          = 132120576                                 {product} {ergonomic}
   size_t MarkStackSize                            = 4194304                                   {product} {ergonomic}
   size_t MaxHeapSize                              = 2095054848                                {product} {ergonomic}
   size_t MinHeapDeltaBytes                        = 1048576                                   {product} {ergonomic}
    uintx NonNMethodCodeHeapSize                   = 5836300                                {pd product} {ergonomic}
    uintx NonProfiledCodeHeapSize                  = 122910970                              {pd product} {ergonomic}
    uintx ProfiledCodeHeapSize                     = 122910970                              {pd product} {ergonomic}
    uintx ReservedCodeCacheSize                    = 251658240                              {pd product} {ergonomic}
     bool SegmentedCodeCache                       = true                                      {product} {ergonomic}
     bool UseCompressedClassPointers               = true                                 {lp64_product} {ergonomic}
     bool UseCompressedOops                        = true                                 {lp64_product} {ergonomic}
     bool UseG1GC                                  = true                                      {product} {ergonomic}
     bool UseLargePagesIndividualAllocation        = false                                  {pd product} {ergonomic}

Logging:
Log output configuration:
 #0: stdout all=warning uptime,level,tags
 #1: stderr all=off uptime,level,tags

Environment Variables:
PATH=C:\Windows\system32;C:\Windows;C:\Windows\System32\Wbem;C:\Windows\System32\WindowsPowerShell\v1.0\;C:\Windows\System32\OpenSSH\;C:\Program Files (x86)\NVIDIA Corporation\PhysX\Common;C:\Program Files\NVIDIA Corporation\NVIDIA NvDLISR;C:\Program Files\Git\cmd;C:\WINDOWS\system32;C:\WINDOWS;C:\WINDOWS\System32\Wbem;C:\WINDOWS\System32\WindowsPowerShell\v1.0\;C:\WINDOWS\System32\OpenSSH\;C:\Users\gavri\AppData\Local\Microsoft\WindowsApps;C:\Users\gavri\AppData\Local\GitHubDesktop\bin;C:\Users\gavri\AppData\Local\gitkraken\bin;%USERPROFILE%\AppData\Local\Microsoft\WindowsApps;
USERNAME=gavri
OS=Windows_NT
PROCESSOR_IDENTIFIER=Intel64 Family 6 Model 165 Stepping 2, GenuineIntel



---------------  S Y S T E M  ---------------

OS: Windows 10 , 64 bit Build 22000 (10.0.22000.708)
OS uptime: 6 days 14:29 hours

CPU:total 8 (initial active 8) (4 cores per cpu, 2 threads per core) family 6 model 165 stepping 2 microcode 0xf0, cmov, cx8, fxsr, mmx, sse, sse2, sse3, ssse3, sse4.1, sse4.2, popcnt, avx, avx2, aes, clmul, erms, 3dnowpref, lzcnt, ht, tsc, tscinvbit, bmi1, bmi2, adx, fma

Memory: 4k page, system-wide physical 7985M (200M free)
TotalPageFile size 32561M (AvailPageFile size 93M)
current process WorkingSet (physical memory assigned to process): 10M, peak: 10M
current process commit charge ("private bytes"): 60M, peak: 185M

vm_info: OpenJDK 64-Bit Server VM (11.0.10+0-b96-7249189) for windows-amd64 JRE (11.0.10+0-b96-7249189), built on Mar 31 2021 21:44:00 by "builder" with MS VC++ 14.0 (VS2015)

END.
