#
# There is insufficient memory for the Java Runtime Environment to continue.
# Native memory allocation (malloc) failed to allocate 1285776 bytes for Chunk::new
# Possible reasons:
#   The system is out of physical RAM or swap space
#   The process is running with CompressedOops enabled, and the Java Heap may be blocking the growth of the native heap
# Possible solutions:
#   Reduce memory load on the system
#   Increase physical memory or swap space
#   Check if swap backing store is full
#   Decrease Java heap size (-Xmx/-Xms)
#   Decrease number of Java threads
#   Decrease Java thread stack sizes (-Xss)
#   Set larger code cache with -XX:ReservedCodeCacheSize=
#   JVM is running with Unscaled Compressed Oops mode in which the Java heap is
#     placed in the first 4GB address space. The Java Heap base address is the
#     maximum limit for the native heap growth. Please use -XX:HeapBaseMinAddress
#     to set the Java Heap base and to place the Java Heap above 4GB virtual address.
# This output file may be truncated or incomplete.
#
#  Out of Memory Error (./src/hotspot/share/memory/arena.cpp:197), pid=70120, tid=69444
#
# JRE version: OpenJDK Runtime Environment (11.0.10) (build 11.0.10+0-b96-7249189)
# Java VM: OpenJDK 64-Bit Server VM (11.0.10+0-b96-7249189, mixed mode, tiered, compressed oops, g1 gc, windows-amd64)
# No core dump will be written. Minidumps are not enabled by default on client versions of Windows
#

---------------  S U M M A R Y ------------

Command Line: org.jetbrains.kotlin.cli.jvm.K2JVMCompiler @C:\Users\gavri\AndroidStudioProjects\GitApp3\app\build\20220721_17449534865825641602.compiler.options

Host: Intel(R) Core(TM) i5-10300H CPU @ 2.50GHz, 8 cores, 7G,  Windows 10 , 64 bit Build 22000 (10.0.22000.708)
Time: Thu Jul 21 12:42:19 2022 RTZ 2 (зима) elapsed time: 2.678124 seconds (0d 0h 0m 2s)

---------------  T H R E A D  ---------------

Current thread (0x0000012c242ae800):  JavaThread "C2 CompilerThread2" daemon [_thread_in_native, id=69444, stack(0x0000001093000000,0x0000001093100000)]


Current CompileTask:
C2:   2678 3419       4       jdk.internal.loader.ClassLoaders$AppClassLoader::loadClass (40 bytes)

Stack: [0x0000001093000000,0x0000001093100000]
Native frames: (J=compiled Java code, j=interpreted, Vv=VM code, C=native code)
V  [jvm.dll+0x5ecfaa]
V  [jvm.dll+0x722bd5]
V  [jvm.dll+0x72412d]
V  [jvm.dll+0x7247e3]
V  [jvm.dll+0x242928]
V  [jvm.dll+0xbc4fc]
V  [jvm.dll+0xbca0c]
V  [jvm.dll+0x2b4fd4]
V  [jvm.dll+0x506028]
V  [jvm.dll+0x203253]
V  [jvm.dll+0x1fd07c]
V  [jvm.dll+0x1fa77f]
V  [jvm.dll+0x18354c]
V  [jvm.dll+0x208ee7]
V  [jvm.dll+0x207731]
V  [jvm.dll+0x6eb1cf]
V  [jvm.dll+0x6e3d45]
V  [jvm.dll+0x5ebe96]
C  [ucrtbase.dll+0x26c0c]
C  [KERNEL32.DLL+0x154e0]
C  [ntdll.dll+0x485b]


---------------  P R O C E S S  ---------------

Threads class SMR info:
_java_thread_list=0x0000012c242bd2e0, length=12, elements={
0x0000012c09503000, 0x0000012c237c8000, 0x0000012c237d3000, 0x0000012c24159800,
0x0000012c2415d000, 0x0000012c2415e000, 0x0000012c24161800, 0x0000012c24162800,
0x0000012c237e8000, 0x0000012c242b1800, 0x0000012c242b0000, 0x0000012c242ae800
}

Java Threads: ( => current thread )
  0x0000012c09503000 JavaThread "main" [_thread_in_Java, id=48124, stack(0x0000001091e00000,0x0000001091f00000)]
  0x0000012c237c8000 JavaThread "Reference Handler" daemon [_thread_blocked, id=68400, stack(0x0000001092500000,0x0000001092600000)]
  0x0000012c237d3000 JavaThread "Finalizer" daemon [_thread_blocked, id=32168, stack(0x0000001092600000,0x0000001092700000)]
  0x0000012c24159800 JavaThread "Signal Dispatcher" daemon [_thread_blocked, id=76036, stack(0x0000001092700000,0x0000001092800000)]
  0x0000012c2415d000 JavaThread "Attach Listener" daemon [_thread_blocked, id=70976, stack(0x0000001092800000,0x0000001092900000)]
  0x0000012c2415e000 JavaThread "Service Thread" daemon [_thread_blocked, id=74572, stack(0x0000001092900000,0x0000001092a00000)]
  0x0000012c24161800 JavaThread "C2 CompilerThread0" daemon [_thread_in_native, id=76536, stack(0x0000001092a00000,0x0000001092b00000)]
  0x0000012c24162800 JavaThread "C1 CompilerThread0" daemon [_thread_in_native, id=55124, stack(0x0000001092b00000,0x0000001092c00000)]
  0x0000012c237e8000 JavaThread "Sweeper thread" daemon [_thread_blocked, id=75900, stack(0x0000001092c00000,0x0000001092d00000)]
  0x0000012c242b1800 JavaThread "Common-Cleaner" daemon [_thread_blocked, id=29260, stack(0x0000001092e00000,0x0000001092f00000)]
  0x0000012c242b0000 JavaThread "C2 CompilerThread1" daemon [_thread_in_native, id=71292, stack(0x0000001092f00000,0x0000001093000000)]
=>0x0000012c242ae800 JavaThread "C2 CompilerThread2" daemon [_thread_in_native, id=69444, stack(0x0000001093000000,0x0000001093100000)]

Other Threads:
  0x0000012c237a6000 VMThread "VM Thread" [stack: 0x0000001092400000,0x0000001092500000] [id=76660]
  0x0000012c242ac800 WatcherThread [stack: 0x0000001092d00000,0x0000001092e00000] [id=19924]
  0x0000012c0742b000 GCTaskThread "GC Thread#0" [stack: 0x0000001091f00000,0x0000001092000000] [id=75992]
  0x0000012c24937000 GCTaskThread "GC Thread#1" [stack: 0x0000001093100000,0x0000001093200000] [id=56356]
  0x0000012c24930000 GCTaskThread "GC Thread#2" [stack: 0x0000001093200000,0x0000001093300000] [id=74360]
  0x0000012c09545000 ConcurrentGCThread "G1 Main Marker" [stack: 0x0000001092000000,0x0000001092100000] [id=74532]
  0x0000012c09546800 ConcurrentGCThread "G1 Conc#0" [stack: 0x0000001092100000,0x0000001092200000] [id=41892]
  0x0000012c25681000 ConcurrentGCThread "G1 Conc#1" [stack: 0x0000001093300000,0x0000001093400000] [id=74636]
  0x0000012c23610800 ConcurrentGCThread "G1 Refine#0" [stack: 0x0000001092200000,0x0000001092300000] [id=11132]
  0x0000012c2739d000 ConcurrentGCThread "G1 Refine#1" [stack: 0x0000001093400000,0x0000001093500000] [id=75964]
  0x0000012c27d46000 ConcurrentGCThread "G1 Refine#2" [stack: 0x0000001093500000,0x0000001093600000] [id=75020]
  0x0000012c23611800 ConcurrentGCThread "G1 Young RemSet Sampling" [stack: 0x0000001092300000,0x0000001092400000] [id=55904]

Threads with active compile tasks:
C2 CompilerThread0   2699 3591       4       jdk.internal.loader.URLClassPath::getResource (74 bytes)
C1 CompilerThread0   2699 3632       3       org.jetbrains.kotlin.load.java.structure.impl.classFiles.BinaryClassSignatureParser::parseTypeWithoutVarianceAndArray (196 bytes)
C2 CompilerThread1   2699 3229       4       org.jetbrains.kotlin.parsing.AbstractKotlinParsing::_at (12 bytes)
C2 CompilerThread2   2699 3419       4       jdk.internal.loader.ClassLoaders$AppClassLoader::loadClass (40 bytes)

VM state:not at safepoint (normal execution)

VM Mutex/Monitor currently owned by a thread: None

Heap address: 0x0000000083200000, size: 1998 MB, Compressed Oops mode: 32-bit
Narrow klass base: 0x0000000000000000, Narrow klass shift: 3
Compressed class space size: 1073741824 Address: 0x0000000100000000

Heap:
 garbage-first heap   total 161792K, used 75898K [0x0000000083200000, 0x0000000100000000)
  region size 1024K, 51 young (52224K), 3 survivors (3072K)
 Metaspace       used 45601K, capacity 46167K, committed 46236K, reserved 1089536K
  class space    used 5330K, capacity 5549K, committed 5580K, reserved 1048576K
Heap Regions: E=young(eden), S=young(survivor), O=old, HS=humongous(starts), HC=humongous(continues), CS=collection set, F=free, A=archive, TAMS=top-at-mark-start (previous, next)
|   0|0x0000000083200000, 0x0000000083300000, 0x0000000083300000|100%|HS|  |TAMS 0x0000000083300000, 0x0000000083200000| Complete 
|   1|0x0000000083300000, 0x0000000083400000, 0x0000000083400000|100%|HC|  |TAMS 0x0000000083400000, 0x0000000083300000| Complete 
|   2|0x0000000083400000, 0x0000000083500000, 0x0000000083500000|100%|HC|  |TAMS 0x0000000083500000, 0x0000000083400000| Complete 
|   3|0x0000000083500000, 0x0000000083600000, 0x0000000083600000|100%|HS|  |TAMS 0x0000000083600000, 0x0000000083500000| Complete 
|   4|0x0000000083600000, 0x0000000083700000, 0x0000000083700000|100%|HC|  |TAMS 0x0000000083700000, 0x0000000083600000| Complete 
|   5|0x0000000083700000, 0x0000000083800000, 0x0000000083800000|100%|HC|  |TAMS 0x0000000083800000, 0x0000000083700000| Complete 
|   6|0x0000000083800000, 0x0000000083900000, 0x0000000083900000|100%|HS|  |TAMS 0x0000000083900000, 0x0000000083800000| Complete 
|   7|0x0000000083900000, 0x0000000083a00000, 0x0000000083a00000|100%|HC|  |TAMS 0x0000000083a00000, 0x0000000083900000| Complete 
|   8|0x0000000083a00000, 0x0000000083b00000, 0x0000000083b00000|100%|HC|  |TAMS 0x0000000083b00000, 0x0000000083a00000| Complete 
|   9|0x0000000083b00000, 0x0000000083c00000, 0x0000000083c00000|100%| O|  |TAMS 0x0000000083c00000, 0x0000000083b00000| Untracked 
|  10|0x0000000083c00000, 0x0000000083d00000, 0x0000000083d00000|100%| O|  |TAMS 0x0000000083d00000, 0x0000000083c00000| Untracked 
|  11|0x0000000083d00000, 0x0000000083e00000, 0x0000000083e00000|100%| O|  |TAMS 0x0000000083e00000, 0x0000000083d00000| Untracked 
|  12|0x0000000083e00000, 0x0000000083f00000, 0x0000000083f00000|100%| O|  |TAMS 0x0000000083f00000, 0x0000000083e00000| Untracked 
|  13|0x0000000083f00000, 0x0000000084000000, 0x0000000084000000|100%|HS|  |TAMS 0x0000000083f00000, 0x0000000083f00000| Complete 
|  14|0x0000000084000000, 0x0000000084100000, 0x0000000084100000|100%|HC|  |TAMS 0x0000000084000000, 0x0000000084000000| Complete 
|  15|0x0000000084100000, 0x0000000084200000, 0x0000000084200000|100%| O|  |TAMS 0x0000000084200000, 0x0000000084100000| Untracked 
|  16|0x0000000084200000, 0x0000000084300000, 0x0000000084300000|100%| O|  |TAMS 0x0000000084300000, 0x0000000084200000| Untracked 
|  17|0x0000000084300000, 0x0000000084400000, 0x0000000084400000|100%| O|  |TAMS 0x0000000084400000, 0x0000000084300000| Untracked 
|  18|0x0000000084400000, 0x0000000084500000, 0x0000000084500000|100%| O|  |TAMS 0x0000000084500000, 0x0000000084400000| Untracked 
|  19|0x0000000084500000, 0x0000000084600000, 0x0000000084600000|100%| O|  |TAMS 0x0000000084600000, 0x0000000084500000| Untracked 
|  20|0x0000000084600000, 0x0000000084700000, 0x0000000084700000|100%| O|  |TAMS 0x0000000084700000, 0x0000000084600000| Untracked 
|  21|0x0000000084700000, 0x0000000084800000, 0x0000000084800000|100%| O|  |TAMS 0x0000000084800000, 0x0000000084700000| Untracked 
|  22|0x0000000084800000, 0x0000000084900000, 0x0000000084900000|100%| O|  |TAMS 0x0000000084900000, 0x0000000084800000| Untracked 
|  23|0x0000000084900000, 0x0000000084a00000, 0x0000000084a00000|100%| O|  |TAMS 0x0000000084a00000, 0x0000000084900000| Untracked 
|  24|0x0000000084a00000, 0x0000000084a99000, 0x0000000084b00000| 59%| O|  |TAMS 0x0000000084a99000, 0x0000000084a00000| Untracked 
|  25|0x0000000084b00000, 0x0000000084b00000, 0x0000000084c00000|  0%| F|  |TAMS 0x0000000084b00000, 0x0000000084b00000| Untracked 
|  26|0x0000000084c00000, 0x0000000084c00000, 0x0000000084d00000|  0%| F|  |TAMS 0x0000000084c00000, 0x0000000084c00000| Untracked 
|  27|0x0000000084d00000, 0x0000000084d00000, 0x0000000084e00000|  0%| F|  |TAMS 0x0000000084d00000, 0x0000000084d00000| Untracked 
|  28|0x0000000084e00000, 0x0000000084e00000, 0x0000000084f00000|  0%| F|  |TAMS 0x0000000084e00000, 0x0000000084e00000| Untracked 
|  29|0x0000000084f00000, 0x0000000084f00000, 0x0000000085000000|  0%| F|  |TAMS 0x0000000084f00000, 0x0000000084f00000| Untracked 
|  30|0x0000000085000000, 0x0000000085000000, 0x0000000085100000|  0%| F|  |TAMS 0x0000000085000000, 0x0000000085000000| Untracked 
|  31|0x0000000085100000, 0x0000000085100000, 0x0000000085200000|  0%| F|  |TAMS 0x0000000085100000, 0x0000000085100000| Untracked 
|  32|0x0000000085200000, 0x0000000085200000, 0x0000000085300000|  0%| F|  |TAMS 0x0000000085200000, 0x0000000085200000| Untracked 
|  33|0x0000000085300000, 0x0000000085300000, 0x0000000085400000|  0%| F|  |TAMS 0x0000000085300000, 0x0000000085300000| Untracked 
|  34|0x0000000085400000, 0x0000000085400000, 0x0000000085500000|  0%| F|  |TAMS 0x0000000085400000, 0x0000000085400000| Untracked 
|  35|0x0000000085500000, 0x0000000085500000, 0x0000000085600000|  0%| F|  |TAMS 0x0000000085500000, 0x0000000085500000| Untracked 
|  36|0x0000000085600000, 0x0000000085600000, 0x0000000085700000|  0%| F|  |TAMS 0x0000000085600000, 0x0000000085600000| Untracked 
|  37|0x0000000085700000, 0x0000000085700000, 0x0000000085800000|  0%| F|  |TAMS 0x0000000085700000, 0x0000000085700000| Untracked 
|  38|0x0000000085800000, 0x0000000085800000, 0x0000000085900000|  0%| F|  |TAMS 0x0000000085800000, 0x0000000085800000| Untracked 
|  39|0x0000000085900000, 0x0000000085900000, 0x0000000085a00000|  0%| F|  |TAMS 0x0000000085900000, 0x0000000085900000| Untracked 
|  40|0x0000000085a00000, 0x0000000085a00000, 0x0000000085b00000|  0%| F|  |TAMS 0x0000000085a00000, 0x0000000085a00000| Untracked 
|  41|0x0000000085b00000, 0x0000000085b00000, 0x0000000085c00000|  0%| F|  |TAMS 0x0000000085b00000, 0x0000000085b00000| Untracked 
|  42|0x0000000085c00000, 0x0000000085c00000, 0x0000000085d00000|  0%| F|  |TAMS 0x0000000085c00000, 0x0000000085c00000| Untracked 
|  43|0x0000000085d00000, 0x0000000085d00000, 0x0000000085e00000|  0%| F|  |TAMS 0x0000000085d00000, 0x0000000085d00000| Untracked 
|  44|0x0000000085e00000, 0x0000000085e00000, 0x0000000085f00000|  0%| F|  |TAMS 0x0000000085e00000, 0x0000000085e00000| Untracked 
|  45|0x0000000085f00000, 0x0000000085f00000, 0x0000000086000000|  0%| F|  |TAMS 0x0000000085f00000, 0x0000000085f00000| Untracked 
|  46|0x0000000086000000, 0x0000000086000000, 0x0000000086100000|  0%| F|  |TAMS 0x0000000086000000, 0x0000000086000000| Untracked 
|  47|0x0000000086100000, 0x0000000086100000, 0x0000000086200000|  0%| F|  |TAMS 0x0000000086100000, 0x0000000086100000| Untracked 
|  48|0x0000000086200000, 0x0000000086200000, 0x0000000086300000|  0%| F|  |TAMS 0x0000000086200000, 0x0000000086200000| Untracked 
|  49|0x0000000086300000, 0x0000000086300000, 0x0000000086400000|  0%| F|  |TAMS 0x0000000086300000, 0x0000000086300000| Untracked 
|  50|0x0000000086400000, 0x0000000086400000, 0x0000000086500000|  0%| F|  |TAMS 0x0000000086400000, 0x0000000086400000| Untracked 
|  51|0x0000000086500000, 0x0000000086500000, 0x0000000086600000|  0%| F|  |TAMS 0x0000000086500000, 0x0000000086500000| Untracked 
|  52|0x0000000086600000, 0x0000000086600000, 0x0000000086700000|  0%| F|  |TAMS 0x0000000086600000, 0x0000000086600000| Untracked 
|  53|0x0000000086700000, 0x0000000086700000, 0x0000000086800000|  0%| F|  |TAMS 0x0000000086700000, 0x0000000086700000| Untracked 
|  54|0x0000000086800000, 0x0000000086800000, 0x0000000086900000|  0%| F|  |TAMS 0x0000000086800000, 0x0000000086800000| Untracked 
|  55|0x0000000086900000, 0x0000000086900000, 0x0000000086a00000|  0%| F|  |TAMS 0x0000000086900000, 0x0000000086900000| Untracked 
|  56|0x0000000086a00000, 0x0000000086a00000, 0x0000000086b00000|  0%| F|  |TAMS 0x0000000086a00000, 0x0000000086a00000| Untracked 
|  57|0x0000000086b00000, 0x0000000086b00000, 0x0000000086c00000|  0%| F|  |TAMS 0x0000000086b00000, 0x0000000086b00000| Untracked 
|  58|0x0000000086c00000, 0x0000000086c00000, 0x0000000086d00000|  0%| F|  |TAMS 0x0000000086c00000, 0x0000000086c00000| Untracked 
|  59|0x0000000086d00000, 0x0000000086d00000, 0x0000000086e00000|  0%| F|  |TAMS 0x0000000086d00000, 0x0000000086d00000| Untracked 
|  60|0x0000000086e00000, 0x0000000086e00000, 0x0000000086f00000|  0%| F|  |TAMS 0x0000000086e00000, 0x0000000086e00000| Untracked 
|  61|0x0000000086f00000, 0x0000000086f00000, 0x0000000087000000|  0%| F|  |TAMS 0x0000000086f00000, 0x0000000086f00000| Untracked 
|  62|0x0000000087000000, 0x0000000087000000, 0x0000000087100000|  0%| F|  |TAMS 0x0000000087000000, 0x0000000087000000| Untracked 
|  63|0x0000000087100000, 0x0000000087100000, 0x0000000087200000|  0%| F|  |TAMS 0x0000000087100000, 0x0000000087100000| Untracked 
|  64|0x0000000087200000, 0x0000000087200000, 0x0000000087300000|  0%| F|  |TAMS 0x0000000087200000, 0x0000000087200000| Untracked 
|  65|0x0000000087300000, 0x0000000087300000, 0x0000000087400000|  0%| F|  |TAMS 0x0000000087300000, 0x0000000087300000| Untracked 
|  66|0x0000000087400000, 0x0000000087400000, 0x0000000087500000|  0%| F|  |TAMS 0x0000000087400000, 0x0000000087400000| Untracked 
|  67|0x0000000087500000, 0x0000000087500000, 0x0000000087600000|  0%| F|  |TAMS 0x0000000087500000, 0x0000000087500000| Untracked 
|  68|0x0000000087600000, 0x0000000087600000, 0x0000000087700000|  0%| F|  |TAMS 0x0000000087600000, 0x0000000087600000| Untracked 
|  69|0x0000000087700000, 0x0000000087700000, 0x0000000087800000|  0%| F|  |TAMS 0x0000000087700000, 0x0000000087700000| Untracked 
|  70|0x0000000087800000, 0x0000000087800000, 0x0000000087900000|  0%| F|  |TAMS 0x0000000087800000, 0x0000000087800000| Untracked 
|  71|0x0000000087900000, 0x0000000087900000, 0x0000000087a00000|  0%| F|  |TAMS 0x0000000087900000, 0x0000000087900000| Untracked 
|  72|0x0000000087a00000, 0x0000000087a00000, 0x0000000087b00000|  0%| F|  |TAMS 0x0000000087a00000, 0x0000000087a00000| Untracked 
|  73|0x0000000087b00000, 0x0000000087b00000, 0x0000000087c00000|  0%| F|  |TAMS 0x0000000087b00000, 0x0000000087b00000| Untracked 
|  74|0x0000000087c00000, 0x0000000087c00000, 0x0000000087d00000|  0%| F|  |TAMS 0x0000000087c00000, 0x0000000087c00000| Untracked 
|  75|0x0000000087d00000, 0x0000000087d00000, 0x0000000087e00000|  0%| F|  |TAMS 0x0000000087d00000, 0x0000000087d00000| Untracked 
|  76|0x0000000087e00000, 0x0000000087e00000, 0x0000000087f00000|  0%| F|  |TAMS 0x0000000087e00000, 0x0000000087e00000| Untracked 
|  77|0x0000000087f00000, 0x0000000087f00000, 0x0000000088000000|  0%| F|  |TAMS 0x0000000087f00000, 0x0000000087f00000| Untracked 
|  78|0x0000000088000000, 0x0000000088000000, 0x0000000088100000|  0%| F|  |TAMS 0x0000000088000000, 0x0000000088000000| Untracked 
|  79|0x0000000088100000, 0x0000000088100000, 0x0000000088200000|  0%| F|  |TAMS 0x0000000088100000, 0x0000000088100000| Untracked 
|  80|0x0000000088200000, 0x0000000088200000, 0x0000000088300000|  0%| F|  |TAMS 0x0000000088200000, 0x0000000088200000| Untracked 
|  81|0x0000000088300000, 0x0000000088300000, 0x0000000088400000|  0%| F|  |TAMS 0x0000000088300000, 0x0000000088300000| Untracked 
|  82|0x0000000088400000, 0x0000000088400000, 0x0000000088500000|  0%| F|  |TAMS 0x0000000088400000, 0x0000000088400000| Untracked 
|  83|0x0000000088500000, 0x0000000088500000, 0x0000000088600000|  0%| F|  |TAMS 0x0000000088500000, 0x0000000088500000| Untracked 
|  84|0x0000000088600000, 0x0000000088600000, 0x0000000088700000|  0%| F|  |TAMS 0x0000000088600000, 0x0000000088600000| Untracked 
|  85|0x0000000088700000, 0x0000000088700000, 0x0000000088800000|  0%| F|  |TAMS 0x0000000088700000, 0x0000000088700000| Untracked 
|  86|0x0000000088800000, 0x0000000088800000, 0x0000000088900000|  0%| F|  |TAMS 0x0000000088800000, 0x0000000088800000| Untracked 
|  87|0x0000000088900000, 0x0000000088900000, 0x0000000088a00000|  0%| F|  |TAMS 0x0000000088900000, 0x0000000088900000| Untracked 
|  88|0x0000000088a00000, 0x0000000088a00000, 0x0000000088b00000|  0%| F|  |TAMS 0x0000000088a00000, 0x0000000088a00000| Untracked 
|  89|0x0000000088b00000, 0x0000000088b00000, 0x0000000088c00000|  0%| F|  |TAMS 0x0000000088b00000, 0x0000000088b00000| Untracked 
|  90|0x0000000088c00000, 0x0000000088c00000, 0x0000000088d00000|  0%| F|  |TAMS 0x0000000088c00000, 0x0000000088c00000| Untracked 
|  91|0x0000000088d00000, 0x0000000088d00000, 0x0000000088e00000|  0%| F|  |TAMS 0x0000000088d00000, 0x0000000088d00000| Untracked 
|  92|0x0000000088e00000, 0x0000000088e00000, 0x0000000088f00000|  0%| F|  |TAMS 0x0000000088e00000, 0x0000000088e00000| Untracked 
|  93|0x0000000088f00000, 0x0000000088f00000, 0x0000000089000000|  0%| F|  |TAMS 0x0000000088f00000, 0x0000000088f00000| Untracked 
|  94|0x0000000089000000, 0x0000000089000000, 0x0000000089100000|  0%| F|  |TAMS 0x0000000089000000, 0x0000000089000000| Untracked 
|  95|0x0000000089100000, 0x0000000089100000, 0x0000000089200000|  0%| F|  |TAMS 0x0000000089100000, 0x0000000089100000| Untracked 
|  96|0x0000000089200000, 0x0000000089200000, 0x0000000089300000|  0%| F|  |TAMS 0x0000000089200000, 0x0000000089200000| Untracked 
|  97|0x0000000089300000, 0x0000000089300000, 0x0000000089400000|  0%| F|  |TAMS 0x0000000089300000, 0x0000000089300000| Untracked 
|  98|0x0000000089400000, 0x0000000089400000, 0x0000000089500000|  0%| F|  |TAMS 0x0000000089400000, 0x0000000089400000| Untracked 
|  99|0x0000000089500000, 0x0000000089500000, 0x0000000089600000|  0%| F|  |TAMS 0x0000000089500000, 0x0000000089500000| Untracked 
| 100|0x0000000089600000, 0x0000000089600000, 0x0000000089700000|  0%| F|  |TAMS 0x0000000089600000, 0x0000000089600000| Untracked 
| 101|0x0000000089700000, 0x0000000089700000, 0x0000000089800000|  0%| F|  |TAMS 0x0000000089700000, 0x0000000089700000| Untracked 
| 102|0x0000000089800000, 0x0000000089800000, 0x0000000089900000|  0%| F|  |TAMS 0x0000000089800000, 0x0000000089800000| Untracked 
| 103|0x0000000089900000, 0x0000000089900000, 0x0000000089a00000|  0%| F|  |TAMS 0x0000000089900000, 0x0000000089900000| Untracked 
| 104|0x0000000089a00000, 0x0000000089a00000, 0x0000000089b00000|  0%| F|  |TAMS 0x0000000089a00000, 0x0000000089a00000| Untracked 
| 105|0x0000000089b00000, 0x0000000089b85840, 0x0000000089c00000| 52%| S|CS|TAMS 0x0000000089b00000, 0x0000000089b00000| Complete 
| 106|0x0000000089c00000, 0x0000000089d00000, 0x0000000089d00000|100%| S|CS|TAMS 0x0000000089c00000, 0x0000000089c00000| Complete 
| 107|0x0000000089d00000, 0x0000000089e00000, 0x0000000089e00000|100%| S|CS|TAMS 0x0000000089d00000, 0x0000000089d00000| Complete 
| 108|0x0000000089e00000, 0x0000000089e00000, 0x0000000089f00000|  0%| F|  |TAMS 0x0000000089e00000, 0x0000000089e00000| Untracked 
| 109|0x0000000089f00000, 0x0000000089f00000, 0x000000008a000000|  0%| F|  |TAMS 0x0000000089f00000, 0x0000000089f00000| Untracked 
| 110|0x000000008a000000, 0x000000008a080800, 0x000000008a100000| 50%| E|  |TAMS 0x000000008a000000, 0x000000008a000000| Complete 
| 111|0x000000008a100000, 0x000000008a200000, 0x000000008a200000|100%| E|CS|TAMS 0x000000008a100000, 0x000000008a100000| Complete 
| 112|0x000000008a200000, 0x000000008a300000, 0x000000008a300000|100%| E|CS|TAMS 0x000000008a200000, 0x000000008a200000| Complete 
| 113|0x000000008a300000, 0x000000008a400000, 0x000000008a400000|100%| E|CS|TAMS 0x000000008a300000, 0x000000008a300000| Complete 
| 114|0x000000008a400000, 0x000000008a500000, 0x000000008a500000|100%| E|CS|TAMS 0x000000008a400000, 0x000000008a400000| Complete 
| 115|0x000000008a500000, 0x000000008a600000, 0x000000008a600000|100%| E|CS|TAMS 0x000000008a500000, 0x000000008a500000| Complete 
| 116|0x000000008a600000, 0x000000008a700000, 0x000000008a700000|100%| E|CS|TAMS 0x000000008a600000, 0x000000008a600000| Complete 
| 117|0x000000008a700000, 0x000000008a800000, 0x000000008a800000|100%| E|CS|TAMS 0x000000008a700000, 0x000000008a700000| Complete 
| 118|0x000000008a800000, 0x000000008a900000, 0x000000008a900000|100%| E|CS|TAMS 0x000000008a800000, 0x000000008a800000| Complete 
| 119|0x000000008a900000, 0x000000008aa00000, 0x000000008aa00000|100%| E|CS|TAMS 0x000000008a900000, 0x000000008a900000| Complete 
| 120|0x000000008aa00000, 0x000000008ab00000, 0x000000008ab00000|100%| E|CS|TAMS 0x000000008aa00000, 0x000000008aa00000| Complete 
| 121|0x000000008ab00000, 0x000000008ac00000, 0x000000008ac00000|100%| E|CS|TAMS 0x000000008ab00000, 0x000000008ab00000| Complete 
| 122|0x000000008ac00000, 0x000000008ad00000, 0x000000008ad00000|100%| E|CS|TAMS 0x000000008ac00000, 0x000000008ac00000| Complete 
| 123|0x000000008ad00000, 0x000000008ae00000, 0x000000008ae00000|100%| E|CS|TAMS 0x000000008ad00000, 0x000000008ad00000| Complete 
| 124|0x000000008ae00000, 0x000000008af00000, 0x000000008af00000|100%| E|CS|TAMS 0x000000008ae00000, 0x000000008ae00000| Complete 
| 125|0x000000008af00000, 0x000000008b000000, 0x000000008b000000|100%| E|CS|TAMS 0x000000008af00000, 0x000000008af00000| Complete 
| 126|0x000000008b000000, 0x000000008b100000, 0x000000008b100000|100%| E|CS|TAMS 0x000000008b000000, 0x000000008b000000| Complete 
| 127|0x000000008b100000, 0x000000008b200000, 0x000000008b200000|100%| E|CS|TAMS 0x000000008b100000, 0x000000008b100000| Complete 
| 128|0x000000008b200000, 0x000000008b300000, 0x000000008b300000|100%| E|CS|TAMS 0x000000008b200000, 0x000000008b200000| Complete 
| 129|0x000000008b300000, 0x000000008b400000, 0x000000008b400000|100%| E|CS|TAMS 0x000000008b300000, 0x000000008b300000| Complete 
| 130|0x000000008b400000, 0x000000008b500000, 0x000000008b500000|100%| E|CS|TAMS 0x000000008b400000, 0x000000008b400000| Complete 
| 131|0x000000008b500000, 0x000000008b600000, 0x000000008b600000|100%| E|CS|TAMS 0x000000008b500000, 0x000000008b500000| Complete 
| 132|0x000000008b600000, 0x000000008b700000, 0x000000008b700000|100%| E|CS|TAMS 0x000000008b600000, 0x000000008b600000| Complete 
| 133|0x000000008b700000, 0x000000008b800000, 0x000000008b800000|100%| E|CS|TAMS 0x000000008b700000, 0x000000008b700000| Complete 
| 134|0x000000008b800000, 0x000000008b900000, 0x000000008b900000|100%| E|CS|TAMS 0x000000008b800000, 0x000000008b800000| Complete 
| 135|0x000000008b900000, 0x000000008ba00000, 0x000000008ba00000|100%| E|CS|TAMS 0x000000008b900000, 0x000000008b900000| Complete 
| 136|0x000000008ba00000, 0x000000008bb00000, 0x000000008bb00000|100%| E|CS|TAMS 0x000000008ba00000, 0x000000008ba00000| Complete 
| 137|0x000000008bb00000, 0x000000008bc00000, 0x000000008bc00000|100%| E|CS|TAMS 0x000000008bb00000, 0x000000008bb00000| Complete 
| 138|0x000000008bc00000, 0x000000008bd00000, 0x000000008bd00000|100%| E|CS|TAMS 0x000000008bc00000, 0x000000008bc00000| Complete 
| 139|0x000000008bd00000, 0x000000008be00000, 0x000000008be00000|100%| E|CS|TAMS 0x000000008bd00000, 0x000000008bd00000| Complete 
| 140|0x000000008be00000, 0x000000008bf00000, 0x000000008bf00000|100%| E|CS|TAMS 0x000000008be00000, 0x000000008be00000| Complete 
| 141|0x000000008bf00000, 0x000000008c000000, 0x000000008c000000|100%| E|CS|TAMS 0x000000008bf00000, 0x000000008bf00000| Complete 
| 142|0x000000008c000000, 0x000000008c100000, 0x000000008c100000|100%| E|CS|TAMS 0x000000008c000000, 0x000000008c000000| Complete 
| 143|0x000000008c100000, 0x000000008c200000, 0x000000008c200000|100%| E|CS|TAMS 0x000000008c100000, 0x000000008c100000| Complete 
| 144|0x000000008c200000, 0x000000008c300000, 0x000000008c300000|100%| E|CS|TAMS 0x000000008c200000, 0x000000008c200000| Complete 
| 145|0x000000008c300000, 0x000000008c400000, 0x000000008c400000|100%| E|CS|TAMS 0x000000008c300000, 0x000000008c300000| Complete 
| 146|0x000000008c400000, 0x000000008c500000, 0x000000008c500000|100%| E|CS|TAMS 0x000000008c400000, 0x000000008c400000| Complete 
| 147|0x000000008c500000, 0x000000008c600000, 0x000000008c600000|100%| E|CS|TAMS 0x000000008c500000, 0x000000008c500000| Complete 
| 148|0x000000008c600000, 0x000000008c700000, 0x000000008c700000|100%| E|CS|TAMS 0x000000008c600000, 0x000000008c600000| Complete 
| 149|0x000000008c700000, 0x000000008c800000, 0x000000008c800000|100%| E|CS|TAMS 0x000000008c700000, 0x000000008c700000| Complete 
| 150|0x000000008c800000, 0x000000008c900000, 0x000000008c900000|100%| E|CS|TAMS 0x000000008c800000, 0x000000008c800000| Complete 
| 151|0x000000008c900000, 0x000000008ca00000, 0x000000008ca00000|100%| E|CS|TAMS 0x000000008c900000, 0x000000008c900000| Complete 
| 152|0x000000008ca00000, 0x000000008cb00000, 0x000000008cb00000|100%| E|CS|TAMS 0x000000008ca00000, 0x000000008ca00000| Complete 
| 153|0x000000008cb00000, 0x000000008cc00000, 0x000000008cc00000|100%| E|CS|TAMS 0x000000008cb00000, 0x000000008cb00000| Complete 
| 154|0x000000008cc00000, 0x000000008cd00000, 0x000000008cd00000|100%| E|CS|TAMS 0x000000008cc00000, 0x000000008cc00000| Complete 
| 155|0x000000008cd00000, 0x000000008ce00000, 0x000000008ce00000|100%| E|CS|TAMS 0x000000008cd00000, 0x000000008cd00000| Complete 
| 156|0x000000008ce00000, 0x000000008cf00000, 0x000000008cf00000|100%| E|CS|TAMS 0x000000008ce00000, 0x000000008ce00000| Complete 
| 157|0x000000008cf00000, 0x000000008d000000, 0x000000008d000000|100%| E|CS|TAMS 0x000000008cf00000, 0x000000008cf00000| Complete 

Card table byte_map: [0x0000012c1c710000,0x0000012c1cb00000] _byte_map_base: 0x0000012c1c2f7000

Marking Bits (Prev, Next): (CMBitMap*) 0x0000012c0742e848, (CMBitMap*) 0x0000012c0742e880
 Prev Bits: [0x0000012c1cef0000, 0x0000012c1ee28000)
 Next Bits: [0x0000012c1ee30000, 0x0000012c20d68000)

Polling page: 0x0000012c07470000

Metaspace:

Usage:
  Non-class:     39.67 MB capacity,    39.33 MB (>99%) used,   278.74 KB ( <1%) free+waste,    64.75 KB ( <1%) overhead. 
      Class:      5.42 MB capacity,     5.21 MB ( 96%) used,   191.37 KB (  3%) free+waste,    27.38 KB ( <1%) overhead. 
       Both:     45.08 MB capacity,    44.54 MB ( 99%) used,   470.11 KB (  1%) free+waste,    92.13 KB ( <1%) overhead. 

Virtual space:
  Non-class space:       40.00 MB reserved,      39.70 MB (>99%) committed 
      Class space:        1.00 GB reserved,       5.45 MB ( <1%) committed 
             Both:        1.04 GB reserved,      45.15 MB (  4%) committed 

Chunk freelists:
   Non-Class:  38.00 KB
       Class:  19.00 KB
        Both:  57.00 KB

MaxMetaspaceSize: 17179869184.00 GB
CompressedClassSpaceSize: 1.00 GB

CodeHeap 'non-profiled nmethods': size=120000Kb used=1527Kb max_used=1527Kb free=118472Kb
 bounds [0x0000012c14ac0000, 0x0000012c14d30000, 0x0000012c1bff0000]
CodeHeap 'profiled nmethods': size=120000Kb used=7470Kb max_used=7470Kb free=112529Kb
 bounds [0x0000012c0d590000, 0x0000012c0dce0000, 0x0000012c14ac0000]
CodeHeap 'non-nmethods': size=5760Kb used=1184Kb max_used=1224Kb free=4575Kb
 bounds [0x0000012c0cff0000, 0x0000012c0d260000, 0x0000012c0d590000]
 total_blobs=4158 nmethods=3622 adapters=445
 compilation: enabled
              stopped_count=0, restarted_count=0
 full_count=0

Compilation events (20 events):
Event: 2.660 Thread 0x0000012c24162800 3588       1       org.jetbrains.kotlin.resolve.CompilerDeserializationConfiguration::getSkipMetadataVersionCheck (5 bytes)
Event: 2.660 Thread 0x0000012c24162800 nmethod 3588 0x0000012c14c3a190 code [0x0000012c14c3a340, 0x0000012c14c3a3f8]
Event: 2.662 Thread 0x0000012c24161800 nmethod 3567 0x0000012c14c3a490 code [0x0000012c14c3a680, 0x0000012c14c3b6e8]
Event: 2.662 Thread 0x0000012c24161800 3570       4       org.jetbrains.kotlin.com.intellij.openapi.util.text.StringUtilRt::lastIndexOf (58 bytes)
Event: 2.664 Thread 0x0000012c24161800 nmethod 3570 0x0000012c14c3bf10 code [0x0000012c14c3c0c0, 0x0000012c14c3c2a8]
Event: 2.664 Thread 0x0000012c24161800 3589       4       java.util.AbstractSet::<init> (5 bytes)
Event: 2.665 Thread 0x0000012c24161800 nmethod 3589 0x0000012c14c3c510 code [0x0000012c14c3c6a0, 0x0000012c14c3c6f8]
Event: 2.665 Thread 0x0000012c24161800 3461       4       org.jetbrains.kotlin.protobuf.WireFormat::getTagFieldNumber (4 bytes)
Event: 2.665 Thread 0x0000012c24161800 nmethod 3461 0x0000012c14c3c790 code [0x0000012c14c3c920, 0x0000012c14c3c978]
Event: 2.665 Thread 0x0000012c24161800 3565       4       java.util.zip.ZipUtils::CENVEM_FA (8 bytes)
Event: 2.665 Thread 0x0000012c24161800 nmethod 3565 0x0000012c14c3ca10 code [0x0000012c14c3cba0, 0x0000012c14c3cc18]
Event: 2.665 Thread 0x0000012c24161800 3591       4       jdk.internal.loader.URLClassPath::getResource (74 bytes)
Event: 2.667 Thread 0x0000012c24162800 3592       3       org.jetbrains.kotlin.storage.StorageKt::getValue (19 bytes)
Event: 2.667 Thread 0x0000012c24162800 nmethod 3592 0x0000012c0dcb6e10 code [0x0000012c0dcb70c0, 0x0000012c0dcb7b68]
Event: 2.671 Thread 0x0000012c24162800 3593       3       org.jetbrains.kotlin.storage.LockBasedStorageManager$MapBasedMemoizedFunctionToNotNull::<init> (32 bytes)
Event: 2.672 Thread 0x0000012c24162800 nmethod 3593 0x0000012c0dcb7f90 code [0x0000012c0dcb8180, 0x0000012c0dcb8418]
Event: 2.672 Thread 0x0000012c24162800 3594       3       org.jetbrains.kotlin.storage.LockBasedStorageManager::createMemoizedFunction (27 bytes)
Event: 2.672 Thread 0x0000012c24162800 nmethod 3594 0x0000012c0dcb8510 code [0x0000012c0dcb8740, 0x0000012c0dcb8bd8]
Event: 2.672 Thread 0x0000012c24162800 3595       3       org.jetbrains.kotlin.storage.LockBasedStorageManager::createMemoizedFunction (29 bytes)
Event: 2.672 Thread 0x0000012c24162800 nmethod 3595 0x0000012c0dcb8d90 code [0x0000012c0dcb8fa0, 0x0000012c0dcb9388]

GC Heap History (10 events):
Event: 0.375 GC heap before
{Heap before GC invocations=0 (full 0):
 garbage-first heap   total 129024K, used 27648K [0x0000000083200000, 0x0000000100000000)
  region size 1024K, 24 young (24576K), 0 survivors (0K)
 Metaspace       used 12302K, capacity 12405K, committed 12544K, reserved 1060864K
  class space    used 1155K, capacity 1174K, committed 1280K, reserved 1048576K
}
Event: 0.377 GC heap after
{Heap after GC invocations=1 (full 0):
 garbage-first heap   total 129024K, used 5706K [0x0000000083200000, 0x0000000100000000)
  region size 1024K, 3 young (3072K), 3 survivors (3072K)
 Metaspace       used 12302K, capacity 12405K, committed 12544K, reserved 1060864K
  class space    used 1155K, capacity 1174K, committed 1280K, reserved 1048576K
}
Event: 0.772 GC heap before
{Heap before GC invocations=1 (full 0):
 garbage-first heap   total 129024K, used 42570K [0x0000000083200000, 0x0000000100000000)
  region size 1024K, 40 young (40960K), 3 survivors (3072K)
 Metaspace       used 21009K, capacity 21203K, committed 21248K, reserved 1069056K
  class space    used 2220K, capacity 2299K, committed 2304K, reserved 1048576K
}
Event: 0.780 GC heap after
{Heap after GC invocations=2 (full 0):
 garbage-first heap   total 129024K, used 9539K [0x0000000083200000, 0x0000000100000000)
  region size 1024K, 7 young (7168K), 7 survivors (7168K)
 Metaspace       used 21009K, capacity 21203K, committed 21248K, reserved 1069056K
  class space    used 2220K, capacity 2299K, committed 2304K, reserved 1048576K
}
Event: 1.482 GC heap before
{Heap before GC invocations=3 (full 0):
 garbage-first heap   total 129024K, used 73027K [0x0000000083200000, 0x0000000100000000)
  region size 1024K, 57 young (58368K), 7 survivors (7168K)
 Metaspace       used 30236K, capacity 30665K, committed 30972K, reserved 1077248K
  class space    used 3562K, capacity 3740K, committed 3840K, reserved 1048576K
}
Event: 1.497 GC heap after
{Heap after GC invocations=4 (full 0):
 garbage-first heap   total 129024K, used 24809K [0x0000000083200000, 0x0000000100000000)
  region size 1024K, 8 young (8192K), 8 survivors (8192K)
 Metaspace       used 30236K, capacity 30665K, committed 30972K, reserved 1077248K
  class space    used 3562K, capacity 3740K, committed 3840K, reserved 1048576K
}
Event: 1.632 GC heap before
{Heap before GC invocations=4 (full 0):
 garbage-first heap   total 129024K, used 34025K [0x0000000083200000, 0x0000000100000000)
  region size 1024K, 17 young (17408K), 8 survivors (8192K)
 Metaspace       used 32705K, capacity 33143K, committed 33276K, reserved 1079296K
  class space    used 3862K, capacity 4031K, committed 4096K, reserved 1048576K
}
Event: 1.643 GC heap after
{Heap after GC invocations=5 (full 0):
 garbage-first heap   total 129024K, used 26212K [0x0000000083200000, 0x0000000100000000)
  region size 1024K, 1 young (1024K), 1 survivors (1024K)
 Metaspace       used 32705K, capacity 33143K, committed 33276K, reserved 1079296K
  class space    used 3862K, capacity 4031K, committed 4096K, reserved 1048576K
}
Event: 1.846 GC heap before
{Heap before GC invocations=5 (full 0):
 garbage-first heap   total 129024K, used 42596K [0x0000000083200000, 0x0000000100000000)
  region size 1024K, 18 young (18432K), 1 survivors (1024K)
 Metaspace       used 35503K, capacity 35954K, committed 36048K, reserved 1081344K
  class space    used 4143K, capacity 4328K, committed 4352K, reserved 1048576K
}
Event: 1.849 GC heap after
{Heap after GC invocations=6 (full 0):
 garbage-first heap   total 161792K, used 25722K [0x0000000083200000, 0x0000000100000000)
  region size 1024K, 3 young (3072K), 3 survivors (3072K)
 Metaspace       used 35503K, capacity 35954K, committed 36048K, reserved 1081344K
  class space    used 4143K, capacity 4328K, committed 4352K, reserved 1048576K
}

Deoptimization events (20 events):
Event: 2.566 Thread 0x0000012c09503000 DEOPT PACKING pc=0x0000012c14bc86ec sp=0x0000001091efcf10
Event: 2.566 Thread 0x0000012c09503000 DEOPT UNPACKING pc=0x0000012c0d0178af sp=0x0000001091efcdf8 mode 2
Event: 2.568 Thread 0x0000012c09503000 Uncommon trap: trap_request=0xffffffc6 fr.pc=0x0000012c14bc86ec relative=0x000000000000056c
Event: 2.568 Thread 0x0000012c09503000 Uncommon trap: reason=bimorphic_or_optimized_type_check action=maybe_recompile pc=0x0000012c14bc86ec method=org.jetbrains.kotlin.protobuf.CodedInputStream.tryRefillBuffer(I)Z @ 177 c2
Event: 2.568 Thread 0x0000012c09503000 DEOPT PACKING pc=0x0000012c14bc86ec sp=0x0000001091efcf10
Event: 2.568 Thread 0x0000012c09503000 DEOPT UNPACKING pc=0x0000012c0d0178af sp=0x0000001091efcdf8 mode 2
Event: 2.568 Thread 0x0000012c09503000 Uncommon trap: trap_request=0xffffffc6 fr.pc=0x0000012c14bc86ec relative=0x000000000000056c
Event: 2.568 Thread 0x0000012c09503000 Uncommon trap: reason=bimorphic_or_optimized_type_check action=maybe_recompile pc=0x0000012c14bc86ec method=org.jetbrains.kotlin.protobuf.CodedInputStream.tryRefillBuffer(I)Z @ 177 c2
Event: 2.568 Thread 0x0000012c09503000 DEOPT PACKING pc=0x0000012c14bc86ec sp=0x0000001091efd020
Event: 2.568 Thread 0x0000012c09503000 DEOPT UNPACKING pc=0x0000012c0d0178af sp=0x0000001091efcf08 mode 2
Event: 2.568 Thread 0x0000012c09503000 Uncommon trap: trap_request=0xffffffc6 fr.pc=0x0000012c14bc86ec relative=0x000000000000056c
Event: 2.568 Thread 0x0000012c09503000 Uncommon trap: reason=bimorphic_or_optimized_type_check action=maybe_recompile pc=0x0000012c14bc86ec method=org.jetbrains.kotlin.protobuf.CodedInputStream.tryRefillBuffer(I)Z @ 177 c2
Event: 2.568 Thread 0x0000012c09503000 DEOPT PACKING pc=0x0000012c14bc86ec sp=0x0000001091efd020
Event: 2.568 Thread 0x0000012c09503000 DEOPT UNPACKING pc=0x0000012c0d0178af sp=0x0000001091efcf08 mode 2
Event: 2.571 Thread 0x0000012c09503000 Uncommon trap: trap_request=0xffffffc6 fr.pc=0x0000012c14bc6bd4 relative=0x0000000000000274
Event: 2.571 Thread 0x0000012c09503000 Uncommon trap: reason=bimorphic_or_optimized_type_check action=maybe_recompile pc=0x0000012c14bc6bd4 method=org.jetbrains.kotlin.protobuf.CodedInputStream.tryRefillBuffer(I)Z @ 177 c2
Event: 2.571 Thread 0x0000012c09503000 DEOPT PACKING pc=0x0000012c14bc6bd4 sp=0x0000001091efcec0
Event: 2.571 Thread 0x0000012c09503000 DEOPT UNPACKING pc=0x0000012c0d0178af sp=0x0000001091efcdf8 mode 2
Event: 2.623 Thread 0x0000012c09503000 DEOPT PACKING pc=0x0000012c0db33aff sp=0x0000001091efb9e0
Event: 2.623 Thread 0x0000012c09503000 DEOPT UNPACKING pc=0x0000012c0d0176ce sp=0x0000001091efae30 mode 0

Classes redefined (0 events):
No events

Internal exceptions (20 events):
Event: 0.614 Thread 0x0000012c09503000 Exception <a 'java/lang/NoSuchMethodError'{0x0000000089a71e88}: 'int java.lang.invoke.DirectMethodHandle$Holder.invokeSpecialIFC(java.lang.Object, java.lang.Object, int)'> (0x0000000089a71e88) thrown at [./src/hotspot/share/interpreter/linkResolver.cpp, line 773]
Event: 0.724 Thread 0x0000012c09503000 Exception <a 'java/lang/NoSuchMethodError'{0x0000000088d14938}: 'java.lang.Object java.lang.invoke.DirectMethodHandle$Holder.invokeStaticInit(java.lang.Object, int)'> (0x0000000088d14938) thrown at [./src/hotspot/share/interpreter/linkResolver.cpp, line 773]
Event: 0.738 Thread 0x0000012c09503000 Exception <a 'java/lang/NoSuchMethodError'{0x0000000088ca0658}: 'long java.lang.invoke.DirectMethodHandle$Holder.invokeStatic(java.lang.Object)'> (0x0000000088ca0658) thrown at [./src/hotspot/share/interpreter/linkResolver.cpp, line 773]
Event: 0.738 Thread 0x0000012c09503000 Exception <a 'java/lang/NoSuchMethodError'{0x0000000088ca34b0}: 'long java.lang.invoke.DirectMethodHandle$Holder.invokeStaticInit(java.lang.Object)'> (0x0000000088ca34b0) thrown at [./src/hotspot/share/interpreter/linkResolver.cpp, line 773]
Event: 0.768 Thread 0x0000012c09503000 Exception <a 'java/lang/NoSuchMethodError'{0x000000008880ef68}: 'int java.lang.invoke.DirectMethodHandle$Holder.invokeStaticInit(java.lang.Object, java.lang.Object, java.lang.Object)'> (0x000000008880ef68) thrown at [./src/hotspot/share/interpreter/linkResolver.cpp, line 773]
Event: 0.770 Thread 0x0000012c09503000 Exception <a 'java/lang/NoSuchMethodError'{0x000000008883a628}: 'int java.lang.invoke.DirectMethodHandle$Holder.invokeStaticInit(java.lang.Object, java.lang.Object)'> (0x000000008883a628) thrown at [./src/hotspot/share/interpreter/linkResolver.cpp, line 773]
Event: 0.916 Thread 0x0000012c09503000 Exception <a 'java/lang/NoSuchMethodError'{0x000000008a682d08}: 'java.lang.Object java.lang.invoke.DirectMethodHandle$Holder.invokeStatic(java.lang.Object, java.lang.Object, java.lang.Object, java.lang.Object, java.lang.Object, java.lang.Object, java.lang.Object, java.lang.Object, java.lang.Object, java.lang.Object, java.lang.Object, java.lang.Object, java.lang.Object, java.lang.Object, java.lang.Object)'> (0x000000008a682d08) thrown at [./src/hotspot/share/interpreter/linkResolver.cpp, line 773]
Event: 0.917 Thread 0x0000012c09503000 Exception <a 'java/lang/NoSuchMethodError'{0x000000008a6910a8}: 'java.lang.Object java.lang.invoke.DirectMethodHandle$Holder.invokeStatic(java.lang.Object, java.lang.Object, java.lang.Object, java.lang.Object, java.lang.Object, java.lang.Object, java.lang.Object, java.lang.Object, java.lang.Object, java.lang.Object, java.lang.Object, java.lang.Object, java.lang.Object, java.lang.Object, java.lang.Object, java.lang.Object)'> (0x000000008a6910a8) thrown at [./src/hotspot/share/interpreter/linkResolver.cpp, l
Event: 0.918 Thread 0x0000012c09503000 Exception <a 'java/lang/NoSuchMethodError'{0x000000008a69efc0}: 'java.lang.Object java.lang.invoke.DirectMethodHandle$Holder.invokeSpecial(java.lang.Object, java.lang.Object, int, int, java.lang.Object, java.lang.Object, java.lang.Object)'> (0x000000008a69efc0) thrown at [./src/hotspot/share/interpreter/linkResolver.cpp, line 773]
Event: 0.918 Thread 0x0000012c09503000 Exception <a 'java/lang/NoSuchMethodError'{0x000000008a6a27f8}: 'java.lang.Object java.lang.invoke.DelegatingMethodHandle$Holder.reinvoke_L(java.lang.Object, int, int, java.lang.Object, java.lang.Object, java.lang.Object)'> (0x000000008a6a27f8) thrown at [./src/hotspot/share/interpreter/linkResolver.cpp, line 773]
Event: 0.918 Thread 0x0000012c09503000 Exception <a 'java/lang/NoSuchMethodError'{0x000000008a6a6b80}: 'java.lang.Object java.lang.invoke.DirectMethodHandle$Holder.invokeStatic(java.lang.Object, java.lang.Object, java.lang.Object, java.lang.Object, int)'> (0x000000008a6a6b80) thrown at [./src/hotspot/share/interpreter/linkResolver.cpp, line 773]
Event: 0.944 Thread 0x0000012c09503000 Implicit null exception at 0x0000012c14b4d3ac to 0x0000012c14b4d55a
Event: 0.966 Thread 0x0000012c09503000 Exception <a 'java/lang/NoSuchMethodError'{0x000000008a023070}: 'void java.lang.invoke.DirectMethodHandle$Holder.invokeStatic(java.lang.Object, java.lang.Object, java.lang.Object, java.lang.Object)'> (0x000000008a023070) thrown at [./src/hotspot/share/interpreter/linkResolver.cpp, line 773]
Event: 0.979 Thread 0x0000012c09503000 Exception <a 'java/lang/NoSuchMethodError'{0x0000000089f714e0}: 'void java.lang.invoke.DirectMethodHandle$Holder.invokeSpecial(java.lang.Object, java.lang.Object)'> (0x0000000089f714e0) thrown at [./src/hotspot/share/interpreter/linkResolver.cpp, line 773]
Event: 1.003 Thread 0x0000012c09503000 Exception <a 'java/lang/NoSuchMethodError'{0x0000000089c17b90}: 'void java.lang.invoke.DirectMethodHandle$Holder.invokeStaticInit(java.lang.Object, java.lang.Object)'> (0x0000000089c17b90) thrown at [./src/hotspot/share/interpreter/linkResolver.cpp, line 773]
Event: 1.008 Thread 0x0000012c09503000 Exception <a 'java/lang/NoSuchMethodError'{0x0000000089c55fa8}: 'void java.lang.invoke.DirectMethodHandle$Holder.invokeInterface(java.lang.Object, java.lang.Object)'> (0x0000000089c55fa8) thrown at [./src/hotspot/share/interpreter/linkResolver.cpp, line 773]
Event: 1.063 Thread 0x0000012c09503000 Exception <a 'java/lang/NoSuchMethodError'{0x000000008973c590}: 'void java.lang.invoke.DirectMethodHandle$Holder.invokeVirtual(java.lang.Object, java.lang.Object)'> (0x000000008973c590) thrown at [./src/hotspot/share/interpreter/linkResolver.cpp, line 773]
Event: 1.069 Thread 0x0000012c09503000 Exception <a 'java/lang/NoSuchMethodError'{0x00000000897b6468}: 'int java.lang.invoke.DirectMethodHandle$Holder.invokeVirtual(java.lang.Object, java.lang.Object)'> (0x00000000897b6468) thrown at [./src/hotspot/share/interpreter/linkResolver.cpp, line 773]
Event: 1.710 Thread 0x0000012c09503000 Exception <a 'java/lang/NoSuchMethodError'{0x000000008abe5208}: 'java.lang.Object java.lang.invoke.DirectMethodHandle$Holder.invokeVirtual(java.lang.Object, java.lang.Object, java.lang.Object)'> (0x000000008abe5208) thrown at [./src/hotspot/share/interpreter/linkResolver.cpp, line 773]
Event: 2.256 Thread 0x0000012c09503000 Exception <a 'java/lang/NoSuchMethodError'{0x000000008b310ad8}: 'java.lang.Object java.lang.invoke.Invokers$Holder.linkToTargetMethod(java.lang.Object, int, java.lang.Object)'> (0x000000008b310ad8) thrown at [./src/hotspot/share/interpreter/linkResolver.cpp, line 773]

Events (20 events):
Event: 2.674 loading class org/jetbrains/kotlin/resolve/lazy/descriptors/LazyClassDescriptor
Event: 2.674 loading class org/jetbrains/kotlin/resolve/lazy/descriptors/LazyClassDescriptor done
Event: 2.675 loading class org/jetbrains/kotlin/resolve/lazy/descriptors/LazyClassDescriptor$1
Event: 2.675 loading class org/jetbrains/kotlin/resolve/lazy/descriptors/LazyClassDescriptor$1 done
Event: 2.675 loading class org/jetbrains/kotlin/resolve/lazy/descriptors/LazyClassDescriptor$2
Event: 2.675 loading class org/jetbrains/kotlin/resolve/lazy/descriptors/LazyClassDescriptor$2 done
Event: 2.675 loading class org/jetbrains/kotlin/resolve/lazy/descriptors/LazyClassDescriptor$3
Event: 2.675 loading class org/jetbrains/kotlin/resolve/lazy/descriptors/LazyClassDescriptor$3 done
Event: 2.675 loading class org/jetbrains/kotlin/types/KotlinType
Event: 2.675 loading class org/jetbrains/kotlin/types/KotlinType done
Event: 2.676 loading class org/jetbrains/kotlin/types/KotlinType
Event: 2.676 loading class org/jetbrains/kotlin/types/KotlinType done
Event: 2.676 loading class kotlin/jvm/functions/Function1
Event: 2.676 loading class kotlin/jvm/functions/Function1 done
Event: 2.676 loading class org/jetbrains/kotlin/resolve/lazy/declarations/PsiBasedClassMemberDeclarationProvider
Event: 2.676 loading class org/jetbrains/kotlin/resolve/lazy/declarations/PsiBasedClassMemberDeclarationProvider done
Event: 2.676 loading class org/jetbrains/kotlin/resolve/lazy/LazyClassContext
Event: 2.676 loading class org/jetbrains/kotlin/resolve/lazy/LazyClassContext done
Event: 2.676 loading class org/jetbrains/kotlin/resolve/lazy/descriptors/LazyClassMemberScope
Event: 2.676 loading class org/jetbrains/kotlin/resolve/lazy/descriptors/LazyClassMemberScope done


Dynamic libraries:
0x00007ff684960000 - 0x00007ff68496a000 	C:\Program Files\Android\Android Studio\jre\bin\java.exe
0x00007ff823ae0000 - 0x00007ff823ce9000 	C:\WINDOWS\SYSTEM32\ntdll.dll
0x00007ff823660000 - 0x00007ff82371d000 	C:\WINDOWS\System32\KERNEL32.DLL
0x00007ff8212f0000 - 0x00007ff821669000 	C:\WINDOWS\System32\KERNELBASE.dll
0x00007ff821130000 - 0x00007ff821241000 	C:\WINDOWS\System32\ucrtbase.dll
0x00007ffffa560000 - 0x00007ffffa579000 	C:\Program Files\Android\Android Studio\jre\bin\jli.dll
0x00007ff800040000 - 0x00007ff800057000 	C:\Program Files\Android\Android Studio\jre\bin\VCRUNTIME140.dll
0x00007ff822bd0000 - 0x00007ff822d7c000 	C:\WINDOWS\System32\USER32.dll
0x00007ff8212c0000 - 0x00007ff8212e6000 	C:\WINDOWS\System32\win32u.dll
0x00007ff8057f0000 - 0x00007ff805a95000 	C:\WINDOWS\WinSxS\amd64_microsoft.windows.common-controls_6595b64144ccf1df_6.0.22000.120_none_9d947278b86cc467\COMCTL32.dll
0x00007ff822af0000 - 0x00007ff822b19000 	C:\WINDOWS\System32\GDI32.dll
0x00007ff821670000 - 0x00007ff821782000 	C:\WINDOWS\System32\gdi32full.dll
0x00007ff823000000 - 0x00007ff8230a3000 	C:\WINDOWS\System32\msvcrt.dll
0x00007ff821810000 - 0x00007ff8218ad000 	C:\WINDOWS\System32\msvcp_win.dll
0x00007ff822a90000 - 0x00007ff822ac1000 	C:\WINDOWS\System32\IMM32.DLL
0x00007fffee4b0000 - 0x00007fffee54d000 	C:\Program Files\Android\Android Studio\jre\bin\msvcp140.dll
0x00007fffc98d0000 - 0x00007fffca39f000 	C:\Program Files\Android\Android Studio\jre\bin\server\jvm.dll
0x00007ff823780000 - 0x00007ff82382e000 	C:\WINDOWS\System32\ADVAPI32.dll
0x00007ff823830000 - 0x00007ff8238ce000 	C:\WINDOWS\System32\sechost.dll
0x00007ff821bc0000 - 0x00007ff821ce0000 	C:\WINDOWS\System32\RPCRT4.dll
0x00007ff8224b0000 - 0x00007ff8224b8000 	C:\WINDOWS\System32\PSAPI.DLL
0x00007ff816400000 - 0x00007ff816433000 	C:\WINDOWS\SYSTEM32\WINMM.dll
0x00007ff813dc0000 - 0x00007ff813dca000 	C:\WINDOWS\SYSTEM32\VERSION.dll
0x00007ff80c3a0000 - 0x00007ff80c3a9000 	C:\WINDOWS\SYSTEM32\WSOCK32.dll
0x00007ff8235f0000 - 0x00007ff82365f000 	C:\WINDOWS\System32\WS2_32.dll
0x00007ff8201b0000 - 0x00007ff8201c8000 	C:\WINDOWS\SYSTEM32\kernel.appcore.dll
0x00007ff809ad0000 - 0x00007ff809ae1000 	C:\Program Files\Android\Android Studio\jre\bin\verify.dll
0x00007ff81eb20000 - 0x00007ff81ed41000 	C:\WINDOWS\SYSTEM32\DBGHELP.DLL
0x00007ff80f2b0000 - 0x00007ff80f2e1000 	C:\WINDOWS\SYSTEM32\dbgcore.DLL
0x00007ff821790000 - 0x00007ff82180f000 	C:\WINDOWS\System32\bcryptPrimitives.dll
0x00007ffffb2b0000 - 0x00007ffffb2d9000 	C:\Program Files\Android\Android Studio\jre\bin\java.dll
0x00007ff80c180000 - 0x00007ff80c18b000 	C:\Program Files\Android\Android Studio\jre\bin\jimage.dll
0x00007ff809ab0000 - 0x00007ff809ac8000 	C:\Program Files\Android\Android Studio\jre\bin\zip.dll
0x00007ff821cf0000 - 0x00007ff8224a8000 	C:\WINDOWS\System32\SHELL32.dll
0x00007ff81f140000 - 0x00007ff81f9a7000 	C:\WINDOWS\SYSTEM32\windows.storage.dll
0x00007ff823270000 - 0x00007ff8235e9000 	C:\WINDOWS\System32\combase.dll
0x00007ff81efd0000 - 0x00007ff81f136000 	C:\WINDOWS\SYSTEM32\wintypes.dll
0x00007ff822990000 - 0x00007ff822a7a000 	C:\WINDOWS\System32\SHCORE.dll
0x00007ff823720000 - 0x00007ff82377d000 	C:\WINDOWS\System32\shlwapi.dll
0x00007ff820ef0000 - 0x00007ff820f11000 	C:\WINDOWS\SYSTEM32\profapi.dll
0x00007ff8082f0000 - 0x00007ff80830a000 	C:\Program Files\Android\Android Studio\jre\bin\net.dll
0x00007ff817940000 - 0x00007ff817a4c000 	C:\WINDOWS\SYSTEM32\WINHTTP.dll
0x00007ff8205e0000 - 0x00007ff820647000 	C:\WINDOWS\system32\mswsock.dll
0x00007ff807b80000 - 0x00007ff807b94000 	C:\Program Files\Android\Android Studio\jre\bin\nio.dll

dbghelp: loaded successfully - version: 4.0.5 - missing functions: none
symbol engine: initialized successfully - sym options: 0x614 - pdb path: .;C:\Program Files\Android\Android Studio\jre\bin;C:\WINDOWS\SYSTEM32;C:\WINDOWS\WinSxS\amd64_microsoft.windows.common-controls_6595b64144ccf1df_6.0.22000.120_none_9d947278b86cc467;C:\Program Files\Android\Android Studio\jre\bin\server

VM Arguments:
java_command: org.jetbrains.kotlin.cli.jvm.K2JVMCompiler @C:\Users\gavri\AndroidStudioProjects\GitApp3\app\build\20220721_17449534865825641602.compiler.options
java_class_path (initial): C:\Users\gavri\.gradle\caches\modules-2\files-2.1\org.jetbrains.kotlin\kotlin-compiler-embeddable\1.5.20\1900e8b9aca0a9caffd45b99b36e3720a0a284f8\kotlin-compiler-embeddable-1.5.20.jar;C:\Users\gavri\.gradle\caches\modules-2\files-2.1\org.jetbrains.kotlin\kotlin-reflect\1.5.20\63810951f09a27f7827977f1bc21094042a915e\kotlin-reflect-1.5.20.jar;C:\Users\gavri\.gradle\caches\modules-2\files-2.1\org.jetbrains.kotlin\kotlin-stdlib\1.5.20\9de35cc611bcecec8edce1d56d8e659953806751\kotlin-stdlib-1.5.20.jar;C:\Users\gavri\.gradle\caches\modules-2\files-2.1\org.jetbrains.kotlin\kotlin-script-runtime\1.5.20\4381bb58d37b84d4d1afe55ec35542dd9b77e101\kotlin-script-runtime-1.5.20.jar;C:\Users\gavri\.gradle\caches\modules-2\files-2.1\org.jetbrains.kotlin\kotlin-daemon-embeddable\1.5.20\36c38cda019834dcd2959cc33a12768adcd94256\kotlin-daemon-embeddable-1.5.20.jar;C:\Users\gavri\.gradle\caches\modules-2\files-2.1\org.jetbrains.intellij.deps\trove4j\1.0.20181211\216c2e14b070f334479d800987affe4054cd563f\trove4j-1.0.20181211.jar;C:\Users\gavri\.gradle\caches\modules-2\files-2.1\org.jetbrains\annotations\13.0\919f0dfe192fb4e063e7dacadee7f8bb9a2672a9\annotations-13.0.jar;C:\Users\gavri\.gradle\caches\modules-2\files-2.1\org.jetbrains.kotlin\kotlin-stdlib-common\1.5.20\3d79dbd48bf605f4aac1e7028981a1953e245cbb\kotlin-stdlib-common-1.5.20.jar
Launcher Type: SUN_STANDARD

[Global flags]
     intx CICompilerCount                          = 4                                         {product} {ergonomic}
     uint ConcGCThreads                            = 2                                         {product} {ergonomic}
     uint G1ConcRefinementThreads                  = 8                                         {product} {ergonomic}
   size_t G1HeapRegionSize                         = 1048576                                   {product} {ergonomic}
    uintx GCDrainStackTargetSize                   = 64                                        {product} {ergonomic}
   size_t InitialHeapSize                          = 132120576                                 {product} {ergonomic}
   size_t MarkStackSize                            = 4194304                                   {product} {ergonomic}
   size_t MaxHeapSize                              = 2095054848                                {product} {ergonomic}
   size_t MaxNewSize                               = 1256194048                                {product} {ergonomic}
   size_t MinHeapDeltaBytes                        = 1048576                                   {product} {ergonomic}
    uintx NonNMethodCodeHeapSize                   = 5836300                                {pd product} {ergonomic}
    uintx NonProfiledCodeHeapSize                  = 122910970                              {pd product} {ergonomic}
    uintx ProfiledCodeHeapSize                     = 122910970                              {pd product} {ergonomic}
    uintx ReservedCodeCacheSize                    = 251658240                              {pd product} {ergonomic}
     bool SegmentedCodeCache                       = true                                      {product} {ergonomic}
     bool UseCompressedClassPointers               = true                                 {lp64_product} {ergonomic}
     bool UseCompressedOops                        = true                                 {lp64_product} {ergonomic}
     bool UseG1GC                                  = true                                      {product} {ergonomic}
     bool UseLargePagesIndividualAllocation        = false                                  {pd product} {ergonomic}

Logging:
Log output configuration:
 #0: stdout all=warning uptime,level,tags
 #1: stderr all=off uptime,level,tags

Environment Variables:
PATH=C:\Windows\system32;C:\Windows;C:\Windows\System32\Wbem;C:\Windows\System32\WindowsPowerShell\v1.0\;C:\Windows\System32\OpenSSH\;C:\Program Files (x86)\NVIDIA Corporation\PhysX\Common;C:\Program Files\NVIDIA Corporation\NVIDIA NvDLISR;C:\Program Files\Git\cmd;C:\WINDOWS\system32;C:\WINDOWS;C:\WINDOWS\System32\Wbem;C:\WINDOWS\System32\WindowsPowerShell\v1.0\;C:\WINDOWS\System32\OpenSSH\;C:\Users\gavri\AppData\Local\Microsoft\WindowsApps;C:\Users\gavri\AppData\Local\GitHubDesktop\bin;C:\Users\gavri\AppData\Local\gitkraken\bin;%USERPROFILE%\AppData\Local\Microsoft\WindowsApps;
USERNAME=gavri
OS=Windows_NT
PROCESSOR_IDENTIFIER=Intel64 Family 6 Model 165 Stepping 2, GenuineIntel



---------------  S Y S T E M  ---------------

OS: Windows 10 , 64 bit Build 22000 (10.0.22000.708)
OS uptime: 6 days 14:52 hours

CPU:total 8 (initial active 8) (4 cores per cpu, 2 threads per core) family 6 model 165 stepping 2 microcode 0xf0, cmov, cx8, fxsr, mmx, sse, sse2, sse3, ssse3, sse4.1, sse4.2, popcnt, avx, avx2, aes, clmul, erms, 3dnowpref, lzcnt, ht, tsc, tscinvbit, bmi1, bmi2, adx, fma

Memory: 4k page, system-wide physical 7985M (518M free)
TotalPageFile size 32561M (AvailPageFile size 6M)
current process WorkingSet (physical memory assigned to process): 274M, peak: 276M
current process commit charge ("private bytes"): 349M, peak: 352M

vm_info: OpenJDK 64-Bit Server VM (11.0.10+0-b96-7249189) for windows-amd64 JRE (11.0.10+0-b96-7249189), built on Mar 31 2021 21:44:00 by "builder" with MS VC++ 14.0 (VS2015)

END.
